[07:18:43 - AWT-EventQueue-1] [Cooja.java:2856] [INFO] - External tools default settings: /external_tools_linux_64.config
[07:18:43 - AWT-EventQueue-1] [Cooja.java:2886] [INFO] - External tools user settings: /home/chuongvo/.cooja.user.properties
[07:18:47 - Thread-1] [Simulation.java:426] [INFO] - Simulation random seed: 123456
[07:18:47 - Thread-1] [CompileContiki.java:140] [INFO] - > make example-runicast-srdcp.sky TARGET=sky 
[07:18:47 - Thread-1] [MspMote.java:235] [INFO] - Loading firmware from: /home/chuongvo/waco/examples/waco-srdcp/example-runicast-srdcp.sky
[07:18:47 - Thread-1] [MspMote.java:235] [INFO] - Loading firmware from: /home/chuongvo/waco/examples/waco-srdcp/example-runicast-srdcp.sky
[07:18:47 - Thread-1] [MspMote.java:235] [INFO] - Loading firmware from: /home/chuongvo/waco/examples/waco-srdcp/example-runicast-srdcp.sky
[07:18:47 - Thread-1] [MspMote.java:235] [INFO] - Loading firmware from: /home/chuongvo/waco/examples/waco-srdcp/example-runicast-srdcp.sky
[07:18:47 - Thread-1] [MspMote.java:235] [INFO] - Loading firmware from: /home/chuongvo/waco/examples/waco-srdcp/example-runicast-srdcp.sky
[07:18:47 - Thread-1] [MspMote.java:235] [INFO] - Loading firmware from: /home/chuongvo/waco/examples/waco-srdcp/example-runicast-srdcp.sky
[07:18:47 - Thread-1] [MspMote.java:235] [INFO] - Loading firmware from: /home/chuongvo/waco/examples/waco-srdcp/example-runicast-srdcp.sky
[07:18:47 - Thread-1] [MspMote.java:235] [INFO] - Loading firmware from: /home/chuongvo/waco/examples/waco-srdcp/example-runicast-srdcp.sky
[07:18:47 - Thread-1] [MspMote.java:235] [INFO] - Loading firmware from: /home/chuongvo/waco/examples/waco-srdcp/example-runicast-srdcp.sky
[07:18:47 - Thread-1] [MspMote.java:235] [INFO] - Loading firmware from: /home/chuongvo/waco/examples/waco-srdcp/example-runicast-srdcp.sky
[07:18:48 - Thread-1] [Visualizer.java:256] [INFO] - Registered external visualizer: org.contikios.cooja.plugins.skins.DGRMVisualizerSkin
[07:18:48 - Thread-1] [TimeLine.java:568] [INFO] - Zoom level: 500.0 microseconds/pixel 
[07:18:49 - Thread-1] [ScriptRunner.java:430] [INFO] - Test script deactivated
[07:18:53 - Thread-3] [Simulation.java:255] [INFO] - Simulation main loop started, system time: 1756624733237
[07:19:27 - Thread-3] [Simulation.java:314] [INFO] - Simulation main loop stopped, system time: 1756624767672	Duration: 34435 ms	Simulated time 33245 ms	Ratio 0.965442137360244
[07:19:42 - Thread-4] [Simulation.java:255] [INFO] - Simulation main loop started, system time: 1756624782042
[07:20:09 - Thread-4] [Simulation.java:314] [INFO] - Simulation main loop stopped, system time: 1756624809826	Duration: 27784 ms	Simulated time 59861 ms	Ratio 2.1545133890008636
[07:56:28 - AWT-EventQueue-1] [ScriptRunner.java:430] [INFO] - Test script deactivated
[07:56:28 - Thread-5] [Simulation.java:426] [INFO] - Simulation random seed: 123456
[07:56:28 - Thread-5] [CompileContiki.java:140] [INFO] - > make example-runicast-srdcp.sky TARGET=sky 
[07:56:28 - Thread-5] [MspMote.java:235] [INFO] - Loading firmware from: /home/chuongvo/waco/examples/waco-srdcp/example-runicast-srdcp.sky
[07:56:28 - Thread-5] [MspMote.java:235] [INFO] - Loading firmware from: /home/chuongvo/waco/examples/waco-srdcp/example-runicast-srdcp.sky
[07:56:28 - Thread-5] [MspMote.java:235] [INFO] - Loading firmware from: /home/chuongvo/waco/examples/waco-srdcp/example-runicast-srdcp.sky
[07:56:28 - Thread-5] [MspMote.java:235] [INFO] - Loading firmware from: /home/chuongvo/waco/examples/waco-srdcp/example-runicast-srdcp.sky
[07:56:28 - Thread-5] [MspMote.java:235] [INFO] - Loading firmware from: /home/chuongvo/waco/examples/waco-srdcp/example-runicast-srdcp.sky
[07:56:28 - Thread-5] [MspMote.java:235] [INFO] - Loading firmware from: /home/chuongvo/waco/examples/waco-srdcp/example-runicast-srdcp.sky
[07:56:28 - Thread-5] [MspMote.java:235] [INFO] - Loading firmware from: /home/chuongvo/waco/examples/waco-srdcp/example-runicast-srdcp.sky
[07:56:28 - Thread-5] [MspMote.java:235] [INFO] - Loading firmware from: /home/chuongvo/waco/examples/waco-srdcp/example-runicast-srdcp.sky
[07:56:28 - Thread-5] [MspMote.java:235] [INFO] - Loading firmware from: /home/chuongvo/waco/examples/waco-srdcp/example-runicast-srdcp.sky
[07:56:28 - Thread-5] [MspMote.java:235] [INFO] - Loading firmware from: /home/chuongvo/waco/examples/waco-srdcp/example-runicast-srdcp.sky
[07:56:28 - Thread-5] [TimeLine.java:568] [INFO] - Zoom level: 500.0 microseconds/pixel 
[07:56:29 - Thread-5] [ScriptRunner.java:430] [INFO] - Test script deactivated
[07:56:31 - Thread-6] [Simulation.java:255] [INFO] - Simulation main loop started, system time: 1756626991516
[07:56:34 - Thread-6] [WakeupRadio.java:124] [FATAL] - WUR: corrupted due to interference
[07:56:34 - Thread-6] [WakeupRadio.java:124] [FATAL] - WUR: corrupted due to interference
[07:56:34 - Thread-6] [WakeupRadio.java:124] [FATAL] - WUR: corrupted due to interference
[07:56:34 - Thread-6] [WakeupRadio.java:124] [FATAL] - WUR: corrupted due to interference
[07:56:34 - Thread-6] [WakeupRadio.java:124] [FATAL] - WUR: corrupted due to interference
[07:56:34 - Thread-6] [WakeupRadio.java:124] [FATAL] - WUR: corrupted due to interference
[07:56:34 - Thread-6] [WakeupRadio.java:124] [FATAL] - WUR: corrupted due to interference
[07:56:34 - Thread-6] [WakeupRadio.java:124] [FATAL] - WUR: corrupted due to interference
[07:56:34 - Thread-6] [WakeupRadio.java:124] [FATAL] - WUR: corrupted due to interference
[07:56:34 - Thread-6] [WakeupRadio.java:124] [FATAL] - WUR: corrupted due to interference
[07:56:34 - Thread-6] [WakeupRadio.java:124] [FATAL] - WUR: corrupted due to interference
[07:56:34 - Thread-6] [WakeupRadio.java:124] [FATAL] - WUR: corrupted due to interference
[07:56:34 - Thread-6] [WakeupRadio.java:124] [FATAL] - WUR: corrupted due to interference
[07:56:34 - Thread-6] [WakeupRadio.java:124] [FATAL] - WUR: corrupted due to interference
[07:56:34 - Thread-6] [WakeupRadio.java:124] [FATAL] - WUR: corrupted due to interference
[07:56:34 - Thread-6] [WakeupRadio.java:124] [FATAL] - WUR: corrupted due to interference
[07:56:34 - Thread-6] [WakeupRadio.java:124] [FATAL] - WUR: corrupted due to interference
[07:56:34 - Thread-6] [WakeupRadio.java:124] [FATAL] - WUR: corrupted due to interference
[07:56:34 - Thread-6] [WakeupRadio.java:124] [FATAL] - WUR: corrupted due to interference
[07:56:34 - Thread-6] [WakeupRadio.java:124] [FATAL] - WUR: corrupted due to interference
[07:56:34 - Thread-6] [WakeupRadio.java:124] [FATAL] - WUR: corrupted due to interference
[07:56:34 - Thread-6] [WakeupRadio.java:124] [FATAL] - WUR: corrupted due to interference
[07:56:34 - Thread-6] [WakeupRadio.java:124] [FATAL] - WUR: corrupted due to interference
[07:56:34 - Thread-6] [WakeupRadio.java:124] [FATAL] - WUR: corrupted due to interference
[07:56:34 - Thread-6] [WakeupRadio.java:124] [FATAL] - WUR: corrupted due to interference
[07:56:34 - Thread-6] [WakeupRadio.java:124] [FATAL] - WUR: corrupted due to interference
[07:56:34 - Thread-6] [WakeupRadio.java:124] [FATAL] - WUR: corrupted due to interference
[07:56:34 - Thread-6] [WakeupRadio.java:124] [FATAL] - WUR: corrupted due to interference
[07:56:34 - Thread-6] [WakeupRadio.java:124] [FATAL] - WUR: corrupted due to interference
[07:56:34 - Thread-6] [WakeupRadio.java:124] [FATAL] - WUR: corrupted due to interference
[07:56:34 - Thread-6] [WakeupRadio.java:124] [FATAL] - WUR: corrupted due to interference
[07:56:35 - Thread-6] [WakeupRadio.java:124] [FATAL] - WUR: corrupted due to interference
[07:56:35 - Thread-6] [WakeupRadio.java:124] [FATAL] - WUR: corrupted due to interference
[07:56:35 - Thread-6] [WakeupRadio.java:124] [FATAL] - WUR: corrupted due to interference
[07:56:47 - Thread-6] [Simulation.java:314] [INFO] - Simulation main loop stopped, system time: 1756627007287	Duration: 15771 ms	Simulated time 126467 ms	Ratio 8.018958848519434
